<?xml version="1.0" encoding="UTF-8" ?>
<testsuite tests="7" failures="0" name="com.namsor.oss.classify.bayes.NaiveBayesExplainerImplTest" time="0.547" errors="0" skipped="0">
  <properties>
    <property name="java.runtime.name" value="Java(TM) SE Runtime Environment"/>
    <property name="java.vm.version" value="11.0.13+10-LTS-370"/>
    <property name="sun.boot.library.path" value="C:\Program Files\Java\jdk-11.0.13\bin"/>
    <property name="maven.multiModuleProjectDirectory" value="C:\git\gotyai-java"/>
    <property name="java.vm.vendor" value="Oracle Corporation"/>
    <property name="java.vendor.url" value="https://openjdk.java.net/"/>
    <property name="guice.disable.misplaced.annotation.check" value="true"/>
    <property name="path.separator" value=";"/>
    <property name="java.vm.name" value="Java HotSpot(TM) 64-Bit Server VM"/>
    <property name="sun.os.patch.level" value=""/>
    <property name="user.script" value=""/>
    <property name="user.country" value="US"/>
    <property name="sun.java.launcher" value="SUN_STANDARD"/>
    <property name="test" value="com.namsor.oss.classify.bayes.**.*Test"/>
    <property name="java.vm.specification.name" value="Java Virtual Machine Specification"/>
    <property name="user.dir" value="C:\git\gotyai-java"/>
    <property name="java.vm.compressedOopsMode" value="Zero based"/>
    <property name="java.runtime.version" value="11.0.13+10-LTS-370"/>
    <property name="java.awt.graphicsenv" value="sun.awt.Win32GraphicsEnvironment"/>
    <property name="os.arch" value="amd64"/>
    <property name="java.io.tmpdir" value="C:\Users\elian\AppData\Local\Temp\"/>
    <property name="line.separator" value="
"/>
    <property name="java.vm.specification.vendor" value="Oracle Corporation"/>
    <property name="user.variant" value=""/>
    <property name="os.name" value="Windows 10"/>
    <property name="maven.ext.class.path" value="C:\Program Files\NetBeans-12.5\netbeans\java\maven-nblib\netbeans-eventspy.jar"/>
    <property name="classworlds.conf" value="C:\Program Files\NetBeans-12.5\netbeans\java\maven\bin\..\bin\m2.conf"/>
    <property name="sun.jnu.encoding" value="Cp1252"/>
    <property name="java.library.path" value="C:\Program Files\Java\jdk-11.0.13\bin;C:\windows\Sun\Java\bin;C:\windows\system32;C:\windows;C:\Program Files\Python311\Scripts\;C:\Program Files\Python311\;C:\Program Files\NVIDIA GPU Computing Toolkit\CUDA\v11.3\bin;C:\Program Files\NVIDIA GPU Computing Toolkit\CUDA\v11.3\libnvvp;;;;;;C:\Program Files\Common Files\Oracle\Java\javapath;C:\Program Files (x86)\Common Files\Oracle\Java\javapath;C:\windows\system32;C:\windows;C:\windows\System32\Wbem;C:\windows\System32\WindowsPowerShell\v1.0\;C:\windows\System32\OpenSSH\;C:\Program Files (x86)\NVIDIA Corporation\PhysX\Common;C:\Program Files\NVIDIA Corporation\NVIDIA NvDLISR;C:\Program Files\PuTTY\;C:\Program Files\TortoiseHg\;C:\Program Files\nodejs\;C:\Program Files\Git\cmd;C:\Program Files\jEdit;C:\Program Files\NVIDIA Corporation\Nsight Compute 2021.1.0\;C:\Program Files\dotnet\;C:\Program Files\Docker\Docker\resources\bin;C:\Users\elian\AppData\Local\Microsoft\WindowsApps;C:\Users\elian\AppData\Local\GitHubDesktop\bin;C:\Users\elian\AppData\Local\Programs\Microsoft VS Code\bin;C:\Users\elian\AppData\Roaming\npm;C:\apps\apache-maven-3.8.5\bin;C:\Users\elian\AppData\Local\Google\Cloud SDK\google-cloud-sdk\bin;C:\Users\elian\AppData\Local\JetBrains\Toolbox\scripts;C:\Users\elian\AppData\Local\Packages\PythonSoftwareFoundation.Python.3.10_qbz5n2kfra8p0\LocalCache\local-packages\Python310\Scripts;C:\Users\elian\AppData\Roaming\Python\Python311\Scripts;;."/>
    <property name="maven.conf" value="C:\Program Files\NetBeans-12.5\netbeans\java\maven\bin\../conf"/>
    <property name="jdk.debug" value="release"/>
    <property name="java.class.version" value="55.0"/>
    <property name="java.specification.name" value="Java Platform API Specification"/>
    <property name="sun.management.compiler" value="HotSpot 64-Bit Tiered Compilers"/>
    <property name="os.version" value="10.0"/>
    <property name="library.jansi.path" value="C:\Program Files\NetBeans-12.5\netbeans\java\maven\bin\..\lib\jansi-native"/>
    <property name="user.home" value="C:\Users\elian"/>
    <property name="user.timezone" value="Europe/Paris"/>
    <property name="java.awt.printerjob" value="sun.awt.windows.WPrinterJob"/>
    <property name="file.encoding" value="UTF-8"/>
    <property name="java.specification.version" value="11"/>
    <property name="user.name" value="elian"/>
    <property name="java.class.path" value="C:\Program Files\NetBeans-12.5\netbeans\java\maven\bin\..\boot\plexus-classworlds-2.6.0.jar"/>
    <property name="java.vm.specification.version" value="11"/>
    <property name="sun.arch.data.model" value="64"/>
    <property name="sun.java.command" value="org.codehaus.plexus.classworlds.launcher.Launcher -Dtest=com.namsor.oss.classify.bayes.**.*Test -Dmaven.ext.class.path=C:\Program Files\NetBeans-12.5\netbeans\java\maven-nblib\netbeans-eventspy.jar -Dfile.encoding=UTF-8 surefire:test"/>
    <property name="java.home" value="C:\Program Files\Java\jdk-11.0.13"/>
    <property name="user.language" value="en"/>
    <property name="java.specification.vendor" value="Oracle Corporation"/>
    <property name="awt.toolkit" value="sun.awt.windows.WToolkit"/>
    <property name="java.vm.info" value="mixed mode"/>
    <property name="java.version" value="11.0.13"/>
    <property name="java.vendor" value="Oracle Corporation"/>
    <property name="maven.home" value="C:\Program Files\NetBeans-12.5\netbeans\java\maven\bin\.."/>
    <property name="file.separator" value="\"/>
    <property name="java.version.date" value="2021-10-19"/>
    <property name="java.vendor.url.bug" value="https://bugreport.java.com/bugreport/"/>
    <property name="sun.io.unicode.encoding" value="UnicodeLittle"/>
    <property name="sun.cpu.endian" value="little"/>
    <property name="java.vendor.version" value="18.9"/>
    <property name="sun.desktop" value="windows"/>
    <property name="sun.cpu.isalist" value="amd64"/>
  </properties>
  <testcase classname="com.namsor.oss.classify.bayes.NaiveBayesExplainerImplTest" name="com.namsor.oss.classify.bayes.NaiveBayesExplainerImplTest.testLearnClassifyExplainLaplacedLogSample1" time="0.344"/>
  <testcase classname="com.namsor.oss.classify.bayes.NaiveBayesExplainerImplTest" name="com.namsor.oss.classify.bayes.NaiveBayesExplainerImplTest.testLearnClassifyExplainLaplacedLogSample2" time="0.044"/>
  <testcase classname="com.namsor.oss.classify.bayes.NaiveBayesExplainerImplTest" name="com.namsor.oss.classify.bayes.NaiveBayesExplainerImplTest.testLearnClassifyExplainLaplacedSample2" time="0.032"/>
  <testcase classname="com.namsor.oss.classify.bayes.NaiveBayesExplainerImplTest" name="com.namsor.oss.classify.bayes.NaiveBayesExplainerImplTest.testLearnClassifyExplainLaplacedSample1" time="0.041"/>
  <testcase classname="com.namsor.oss.classify.bayes.NaiveBayesExplainerImplTest" name="com.namsor.oss.classify.bayes.NaiveBayesExplainerImplTest.testLearnClassifyExplainSample3" time="0.036"/>
  <testcase classname="com.namsor.oss.classify.bayes.NaiveBayesExplainerImplTest" name="com.namsor.oss.classify.bayes.NaiveBayesExplainerImplTest.testLearnClassifyExplainSample1" time="0.027"/>
  <testcase classname="com.namsor.oss.classify.bayes.NaiveBayesExplainerImplTest" name="com.namsor.oss.classify.bayes.NaiveBayesExplainerImplTest.testLearnClassifyExplainSample2" time="0.023"/>
</testsuite>